pdbfile 1: IL1B.atm
pdbfile 2: MIM_tor.atm
# of atoms 1:   2437   2:     16
geometric centers: 
1:    77.238   34.025   57.440 
2:    67.572   12.587   59.212 
net charge 1:    -1.000 2:    -0.030 
energy parameters dielectric:   80.000 VDW depth:    0.100
# of ligand conformers:      4
new min:     -0.21603     -0.32784     -0.54387 model    0 
     1.00000      0.00000      0.00000      0.00000 
     0.00000      1.00000      0.00000      0.00000 
     0.00000      0.00000      1.00000      0.00000 
     0.00000      0.00000      0.00000      1.00000 
     1.00000      0.00000      0.00000      0.00000 
     0.00000      1.00000      0.00000      0.00000 
     0.00000      0.00000      1.00000      0.00000 
     0.00000      0.00000      0.00000      1.00000 
new min:     -0.29081     -0.28799      -0.5788 model    1 
     1.00000      0.00000      0.00000      0.00000 
     0.00000      1.00000      0.00000      0.00000 
     0.00000      0.00000      1.00000      0.00000 
     0.00000      0.00000      0.00000      1.00000 
     1.00000      0.00000      0.00000     -0.96240 
     0.00000      1.00000      0.00000      0.23592 
     0.00000      0.00000      1.00000      0.15895 
     0.00000      0.00000      0.00000      1.00000 
new min:      -0.2914     -0.29304     -0.58444 model    1 
     1.00000      0.00000      0.00000      0.00000 
     0.00000      1.00000      0.00000      0.00000 
     0.00000      0.00000      1.00000      0.00000 
     0.00000      0.00000      0.00000      1.00000 
     1.00000      0.00000      0.00000     -0.96069 
     0.00000      1.00000      0.00000      0.34474 
     0.00000      0.00000      1.00000      0.15690 
     0.00000      0.00000      0.00000      1.00000 
new min:     -0.29145     -0.31693     -0.60838 model    2 
     1.00000      0.00000      0.00000      0.00000 
     0.00000      1.00000      0.00000      0.00000 
     0.00000      0.00000      1.00000      0.00000 
     0.00000      0.00000      0.00000      1.00000 
     1.00000      0.00000      0.00000     -0.84653 
     0.00000      1.00000      0.00000      0.77798 
     0.00000      0.00000      1.00000      0.13055 
     0.00000      0.00000      0.00000      1.00000 
new min:     -0.29341     -0.31571     -0.60912 model    2 
     1.00000      0.00000      0.00000      0.00000 
     0.00000      1.00000      0.00000      0.00000 
     0.00000      0.00000      1.00000      0.00000 
     0.00000      0.00000      0.00000      1.00000 
     1.00000      0.00000      0.00000     -0.84482 
     0.00000      1.00000      0.00000      0.88680 
     0.00000      0.00000      1.00000      0.12849 
     0.00000      0.00000      0.00000      1.00000 
new min:      -0.2551     -0.36293     -0.61802 model    0 
     1.00000      0.00000      0.00000      0.00000 
     0.00000      1.00000      0.00000      0.00000 
     0.00000      0.00000      1.00000      0.00000 
     0.00000      0.00000      0.00000      1.00000 
     1.00000      0.00000      0.00000     -0.41898 
     0.00000      1.00000      0.00000      0.66104 
     0.00000      0.00000      1.00000      0.06013 
     0.00000      0.00000      0.00000      1.00000 
new min:     -0.25286     -0.36721     -0.62007 model    0 
     1.00000      0.00000      0.00000      0.00000 
     0.00000      1.00000      0.00000      0.00000 
     0.00000      0.00000      1.00000      0.00000 
     0.00000      0.00000      0.00000      1.00000 
     0.99977      0.01475      0.01573     -1.52008 
    -0.01503      0.99973      0.01777      0.62789 
    -0.01546     -0.01800      0.99972      1.34800 
     0.00000      0.00000      0.00000      1.00000 
new min:     -0.31123      -0.3303     -0.64153 model    3 
     1.00000      0.00000      0.00000      0.00000 
     0.00000      1.00000      0.00000      0.00000 
     0.00000      0.00000      1.00000      0.00000 
     0.00000      0.00000      0.00000      1.00000 
     0.24662     -0.82800      0.50358     31.09233 
    -0.08583      0.49893      0.86238    -38.29511 
    -0.96530     -0.25591      0.05198    124.64299 
     0.00000      0.00000      0.00000      1.00000 
new min:     -0.46894     -0.25485     -0.72378 model    3 
     1.00000      0.00000      0.00000      0.00000 
     0.00000      1.00000      0.00000      0.00000 
     0.00000      0.00000      1.00000      0.00000 
     0.00000      0.00000      0.00000      1.00000 
     0.28526     -0.82274      0.49166     29.12152 
     0.64571      0.54406      0.53579    -68.95665 
    -0.70830      0.16463      0.68644     64.41575 
     0.00000      0.00000      0.00000      1.00000 
new min:     -0.39371      -0.3981     -0.79181 model    2 
     1.00000      0.00000      0.00000      0.00000 
     0.00000      1.00000      0.00000      0.00000 
     0.00000      0.00000      1.00000      0.00000 
     0.00000      0.00000      0.00000      1.00000 
     0.07497     -0.90269      0.42371     48.39280 
     0.53856      0.39426      0.74466    -71.75863 
    -0.83924      0.17236      0.51572     83.25266 
     0.00000      0.00000      0.00000      1.00000 
new min:     -0.50668     -0.39434     -0.90102 model    2 
     1.00000      0.00000      0.00000      0.00000 
     0.00000      1.00000      0.00000      0.00000 
     0.00000      0.00000      1.00000      0.00000 
     0.00000      0.00000      0.00000      1.00000 
     0.07497     -0.90269      0.42371     48.36604 
     0.53856      0.39426      0.74466    -71.73059 
    -0.83924      0.17236      0.51572     83.25676 
     0.00000      0.00000      0.00000      1.00000 
new min:     -0.47776     -0.44249     -0.92026 model    3 
     1.00000      0.00000      0.00000      0.00000 
     0.00000      1.00000      0.00000      0.00000 
     0.00000      0.00000      1.00000      0.00000 
     0.00000      0.00000      0.00000      1.00000 
     0.07497     -0.90269      0.42371     48.31584 
     0.53856      0.39426      0.74466    -71.37154 
    -0.83924      0.17236      0.51572     83.25280 
     0.00000      0.00000      0.00000      1.00000 
new min:     -0.47755       -0.479     -0.95655 model    3 
     1.00000      0.00000      0.00000      0.00000 
     0.00000      1.00000      0.00000      0.00000 
     0.00000      0.00000      1.00000      0.00000 
     0.00000      0.00000      0.00000      1.00000 
     0.07497     -0.90269      0.42371     48.45116 
     0.53856      0.39426      0.74466    -71.37407 
    -0.83924      0.17236      0.51572     83.22679 
     0.00000      0.00000      0.00000      1.00000 
new min:     -0.59763     -0.48846      -1.0861 model    3 
     1.00000      0.00000      0.00000      0.00000 
     0.00000      1.00000      0.00000      0.00000 
     0.00000      0.00000      1.00000      0.00000 
     0.00000      0.00000      0.00000      1.00000 
     0.07497     -0.90269      0.42371     48.47823 
     0.53856      0.39426      0.74466    -71.37458 
    -0.83924      0.17236      0.51572     83.22159 
     0.00000      0.00000      0.00000      1.00000 
new min:     -0.60062     -0.50325      -1.1039 model    2 
     1.00000      0.00000      0.00000      0.00000 
     0.00000      1.00000      0.00000      0.00000 
     0.00000      0.00000      1.00000      0.00000 
     0.00000      0.00000      0.00000      1.00000 
     0.07497     -0.90269      0.42371     48.53235 
     0.53856      0.39426      0.74466    -71.37559 
    -0.83924      0.17236      0.51572     83.21118 
     0.00000      0.00000      0.00000      1.00000 
new min:     -0.60529      -0.5366      -1.1419 model    2 
     1.00000      0.00000      0.00000      0.00000 
     0.00000      1.00000      0.00000      0.00000 
     0.00000      0.00000      1.00000      0.00000 
     0.00000      0.00000      0.00000      1.00000 
     0.07497     -0.90269      0.42371     48.69323 
     0.53856      0.39426      0.74466    -71.51633 
    -0.83924      0.17236      0.51572     83.18549 
     0.00000      0.00000      0.00000      1.00000 
new min:     -0.57824       -0.614      -1.1922 model    2 
     1.00000      0.00000      0.00000      0.00000 
     0.00000      1.00000      0.00000      0.00000 
     0.00000      0.00000      1.00000      0.00000 
     0.00000      0.00000      0.00000      1.00000 
     0.07497     -0.90269      0.42371     48.82765 
     0.53856      0.39426      0.74466    -71.60148 
    -0.83924      0.17236      0.51572     83.16280 
     0.00000      0.00000      0.00000      1.00000 
new min:     -0.72883     -0.55952      -1.2883 model    2 
     1.00000      0.00000      0.00000      0.00000 
     0.00000      1.00000      0.00000      0.00000 
     0.00000      0.00000      1.00000      0.00000 
     0.00000      0.00000      0.00000      1.00000 
     0.07497     -0.90269      0.42371     48.80058 
     0.53856      0.39426      0.74466    -71.60097 
    -0.83924      0.17236      0.51572     83.16800 
     0.00000      0.00000      0.00000      1.00000 
new min:     -0.63981       -0.653      -1.2928 model    1 
     1.00000      0.00000      0.00000      0.00000 
     0.00000      1.00000      0.00000      0.00000 
     0.00000      0.00000      1.00000      0.00000 
     0.00000      0.00000      0.00000      1.00000 
     0.07497     -0.90269      0.42371     48.98913 
     0.53856      0.39426      0.74466    -71.68713 
    -0.83924      0.17236      0.51572     83.13490 
     0.00000      0.00000      0.00000      1.00000 
new min:     -0.64569     -0.66256      -1.3082 model    1 
     1.00000      0.00000      0.00000      0.00000 
     0.00000      1.00000      0.00000      0.00000 
     0.00000      0.00000      1.00000      0.00000 
     0.00000      0.00000      0.00000      1.00000 
     0.07497     -0.90269      0.42371     49.01650 
     0.53856      0.39426      0.74466    -71.66010 
    -0.83924      0.17236      0.51572     83.12859 
     0.00000      0.00000      0.00000      1.00000 
new min:     -0.66702     -0.67442      -1.3414 model    1 
     1.00000      0.00000      0.00000      0.00000 
     0.00000      1.00000      0.00000      0.00000 
     0.00000      0.00000      1.00000      0.00000 
     0.00000      0.00000      0.00000      1.00000 
     0.07497     -0.90269      0.42371     49.01770 
     0.53856      0.39426      0.74466    -71.54993 
    -0.83924      0.17236      0.51572     83.12417 
     0.00000      0.00000      0.00000      1.00000 
new min:      -0.6692     -0.67713      -1.3463 model    1 
     1.00000      0.00000      0.00000      0.00000 
     0.00000      1.00000      0.00000      0.00000 
     0.00000      0.00000      1.00000      0.00000 
     0.00000      0.00000      0.00000      1.00000 
     0.07497     -0.90269      0.42371     49.01801 
     0.53856      0.39426      0.74466    -71.52239 
    -0.83924      0.17236      0.51572     83.12306 
     0.00000      0.00000      0.00000      1.00000 
new min:     -0.76785     -0.58184      -1.3497 model    2 
     1.00000      0.00000      0.00000      0.00000 
     0.00000      1.00000      0.00000      0.00000 
     0.00000      0.00000      1.00000      0.00000 
     0.00000      0.00000      0.00000      1.00000 
     0.05894     -0.94238      0.32931     56.10750 
     0.55935      0.30441      0.77102    -73.54808 
    -0.82684      0.13875      0.54506     80.99362 
     0.00000      0.00000      0.00000      1.00000 
new min:     -0.78419     -0.57083       -1.355 model    2 
     1.00000      0.00000      0.00000      0.00000 
     0.00000      1.00000      0.00000      0.00000 
     0.00000      0.00000      1.00000      0.00000 
     0.00000      0.00000      0.00000      1.00000 
     0.04332     -0.96829      0.24603     62.42003 
     0.57566      0.22546      0.78599    -74.54336 
    -0.81654      0.10758      0.56717     79.38085 
     0.00000      0.00000      0.00000      1.00000 
